<?xml version="1.0" encoding="UTF-8" ?>
<testsuite tests="77" failures="0" name="ru.spbau.mit.francleene.HashMap.HashMapTest" time="0.033" errors="0" skipped="0">
  <properties>
    <property name="java.runtime.name" value="Java(TM) SE Runtime Environment"/>
    <property name="sun.boot.library.path" value="/Library/Java/JavaVirtualMachines/jdk1.8.0_131.jdk/Contents/Home/jre/lib"/>
    <property name="java.vm.version" value="25.131-b11"/>
    <property name="user.country.format" value="RU"/>
    <property name="gopherProxySet" value="false"/>
    <property name="java.vm.vendor" value="Oracle Corporation"/>
    <property name="maven.multiModuleProjectDirectory" value="/Users/alexander/IdeaProjects/HashMap"/>
    <property name="java.vendor.url" value="http://java.oracle.com/"/>
    <property name="path.separator" value=":"/>
    <property name="guice.disable.misplaced.annotation.check" value="true"/>
    <property name="java.vm.name" value="Java HotSpot(TM) 64-Bit Server VM"/>
    <property name="file.encoding.pkg" value="sun.io"/>
    <property name="user.country" value="US"/>
    <property name="sun.java.launcher" value="SUN_STANDARD"/>
    <property name="sun.os.patch.level" value="unknown"/>
    <property name="java.vm.specification.name" value="Java Virtual Machine Specification"/>
    <property name="user.dir" value="/Users/alexander/IdeaProjects/HashMap"/>
    <property name="java.runtime.version" value="1.8.0_131-b11"/>
    <property name="java.awt.graphicsenv" value="sun.awt.CGraphicsEnvironment"/>
    <property name="java.endorsed.dirs" value="/Library/Java/JavaVirtualMachines/jdk1.8.0_131.jdk/Contents/Home/jre/lib/endorsed"/>
    <property name="os.arch" value="x86_64"/>
    <property name="java.io.tmpdir" value="/var/folders/pl/9qtnrmss3vn6xz1h232_4n7m0000gn/T/"/>
    <property name="line.separator" value="
"/>
    <property name="java.vm.specification.vendor" value="Oracle Corporation"/>
    <property name="os.name" value="Mac OS X"/>
    <property name="classworlds.conf" value="/usr/local/Cellar/maven/3.5.0/libexec/bin/m2.conf"/>
    <property name="sun.jnu.encoding" value="UTF-8"/>
    <property name="java.library.path" value="/Users/alexander/Library/Java/Extensions:/Library/Java/Extensions:/Network/Library/Java/Extensions:/System/Library/Java/Extensions:/usr/lib/java:."/>
    <property name="maven.conf" value="/usr/local/Cellar/maven/3.5.0/libexec/conf"/>
    <property name="java.specification.name" value="Java Platform API Specification"/>
    <property name="java.class.version" value="52.0"/>
    <property name="sun.management.compiler" value="HotSpot 64-Bit Tiered Compilers"/>
    <property name="os.version" value="10.12.5"/>
    <property name="library.jansi.path" value="/usr/local/Cellar/maven/3.5.0/libexec/lib/jansi-native/osx64"/>
    <property name="http.nonProxyHosts" value="local|*.local|169.254/16|*.169.254/16"/>
    <property name="user.home" value="/Users/alexander"/>
    <property name="user.timezone" value="Europe/Moscow"/>
    <property name="java.awt.printerjob" value="sun.lwawt.macosx.CPrinterJob"/>
    <property name="java.specification.version" value="1.8"/>
    <property name="file.encoding" value="UTF-8"/>
    <property name="user.name" value="alexander"/>
    <property name="java.class.path" value="/usr/local/Cellar/maven/3.5.0/libexec/boot/plexus-classworlds-2.5.2.jar"/>
    <property name="java.vm.specification.version" value="1.8"/>
    <property name="sun.arch.data.model" value="64"/>
    <property name="java.home" value="/Library/Java/JavaVirtualMachines/jdk1.8.0_131.jdk/Contents/Home/jre"/>
    <property name="sun.java.command" value="org.codehaus.plexus.classworlds.launcher.Launcher install"/>
    <property name="java.specification.vendor" value="Oracle Corporation"/>
    <property name="user.language" value="en"/>
    <property name="awt.toolkit" value="sun.lwawt.macosx.LWCToolkit"/>
    <property name="java.vm.info" value="mixed mode"/>
    <property name="java.version" value="1.8.0_131"/>
    <property name="java.ext.dirs" value="/Users/alexander/Library/Java/Extensions:/Library/Java/JavaVirtualMachines/jdk1.8.0_131.jdk/Contents/Home/jre/lib/ext:/Library/Java/Extensions:/Network/Library/Java/Extensions:/System/Library/Java/Extensions:/usr/lib/java"/>
    <property name="sun.boot.class.path" value="/Library/Java/JavaVirtualMachines/jdk1.8.0_131.jdk/Contents/Home/jre/lib/resources.jar:/Library/Java/JavaVirtualMachines/jdk1.8.0_131.jdk/Contents/Home/jre/lib/rt.jar:/Library/Java/JavaVirtualMachines/jdk1.8.0_131.jdk/Contents/Home/jre/lib/sunrsasign.jar:/Library/Java/JavaVirtualMachines/jdk1.8.0_131.jdk/Contents/Home/jre/lib/jsse.jar:/Library/Java/JavaVirtualMachines/jdk1.8.0_131.jdk/Contents/Home/jre/lib/jce.jar:/Library/Java/JavaVirtualMachines/jdk1.8.0_131.jdk/Contents/Home/jre/lib/charsets.jar:/Library/Java/JavaVirtualMachines/jdk1.8.0_131.jdk/Contents/Home/jre/lib/jfr.jar:/Library/Java/JavaVirtualMachines/jdk1.8.0_131.jdk/Contents/Home/jre/classes"/>
    <property name="java.vendor" value="Oracle Corporation"/>
    <property name="maven.home" value="/usr/local/Cellar/maven/3.5.0/libexec"/>
    <property name="file.separator" value="/"/>
    <property name="java.vendor.url.bug" value="http://bugreport.sun.com/bugreport/"/>
    <property name="sun.cpu.endian" value="little"/>
    <property name="sun.io.unicode.encoding" value="UnicodeBig"/>
    <property name="socksNonProxyHosts" value="local|*.local|169.254/16|*.169.254/16"/>
    <property name="ftp.nonProxyHosts" value="local|*.local|169.254/16|*.169.254/16"/>
    <property name="sun.cpu.isalist" value=""/>
  </properties>
  <testcase classname="ru.spbau.mit.francleene.HashMap.HashMapTest" name="getDoublePutSameValue" time="0.005"/>
  <testcase classname="ru.spbau.mit.francleene.HashMap.HashMapTest" name="containsNullElementContain" time="0.001"/>
  <testcase classname="ru.spbau.mit.francleene.HashMap.HashMapTest" name="removeReturnValueAnotherElement" time="0"/>
  <testcase classname="ru.spbau.mit.francleene.HashMap.HashMapTest" name="containsAfterGetExistedElement" time="0"/>
  <testcase classname="ru.spbau.mit.francleene.HashMap.HashMapTest" name="putReturnValueDifferentKeys" time="0.001"/>
  <testcase classname="ru.spbau.mit.francleene.HashMap.HashMapTest" name="constructorSpecificCapacityContainsTrue" time="0"/>
  <testcase classname="ru.spbau.mit.francleene.HashMap.HashMapTest" name="removeReturnValueNullKeyDoNotExist" time="0.002"/>
  <testcase classname="ru.spbau.mit.francleene.HashMap.HashMapTest" name="clearNonEmptyList" time="0.001"/>
  <testcase classname="ru.spbau.mit.francleene.HashMap.HashMapTest" name="getAfterGetExistedElement" time="0"/>
  <testcase classname="ru.spbau.mit.francleene.HashMap.HashMapTest" name="putReturnValueNullValue" time="0"/>
  <testcase classname="ru.spbau.mit.francleene.HashMap.HashMapTest" name="getAfterRemoveContain" time="0"/>
  <testcase classname="ru.spbau.mit.francleene.HashMap.HashMapTest" name="containsOneElementContain" time="0"/>
  <testcase classname="ru.spbau.mit.francleene.HashMap.HashMapTest" name="getAfterGetNotExistedElement" time="0.001"/>
  <testcase classname="ru.spbau.mit.francleene.HashMap.HashMapTest" name="containsNullElementDoNotContain" time="0"/>
  <testcase classname="ru.spbau.mit.francleene.HashMap.HashMapTest" name="getEmptyList" time="0"/>
  <testcase classname="ru.spbau.mit.francleene.HashMap.HashMapTest" name="sizeRemoveOneExistedElement" time="0"/>
  <testcase classname="ru.spbau.mit.francleene.HashMap.HashMapTest" name="putFewDifferentElements" time="0"/>
  <testcase classname="ru.spbau.mit.francleene.HashMap.HashMapTest" name="putReturnValueDoubleNullKey" time="0.001"/>
  <testcase classname="ru.spbau.mit.francleene.HashMap.HashMapTest" name="sizeRemoveOneNonExistedElement" time="0"/>
  <testcase classname="ru.spbau.mit.francleene.HashMap.HashMapTest" name="removeNullKeyExist" time="0"/>
  <testcase classname="ru.spbau.mit.francleene.HashMap.HashMapTest" name="sizeGetNotExistedElement" time="0"/>
  <testcase classname="ru.spbau.mit.francleene.HashMap.HashMapTest" name="constructorSpecificCapacityGetExistedElement" time="0"/>
  <testcase classname="ru.spbau.mit.francleene.HashMap.HashMapTest" name="putOneNotNullElement" time="0"/>
  <testcase classname="ru.spbau.mit.francleene.HashMap.HashMapTest" name="constructorSpecificCapacitySizeEmptyMap" time="0"/>
  <testcase classname="ru.spbau.mit.francleene.HashMap.HashMapTest" name="sizeGetExistedElement" time="0"/>
  <testcase classname="ru.spbau.mit.francleene.HashMap.HashMapTest" name="getNullKeyElementContain" time="0.001"/>
  <testcase classname="ru.spbau.mit.francleene.HashMap.HashMapTest" name="removeReturnValueEmptyList" time="0.002"/>
  <testcase classname="ru.spbau.mit.francleene.HashMap.HashMapTest" name="containsAfterRemoveDoNotContain" time="0.001"/>
  <testcase classname="ru.spbau.mit.francleene.HashMap.HashMapTest" name="removeOneElement" time="0.005"/>
  <testcase classname="ru.spbau.mit.francleene.HashMap.HashMapTest" name="constructorSpecificCapacityPut" time="0"/>
  <testcase classname="ru.spbau.mit.francleene.HashMap.HashMapTest" name="getNullKeyElementDoNotContain" time="0.001"/>
  <testcase classname="ru.spbau.mit.francleene.HashMap.HashMapTest" name="sizeRemoveFewNotExistedElements" time="0.001"/>
  <testcase classname="ru.spbau.mit.francleene.HashMap.HashMapTest" name="sizeRemoveFewExistedElements" time="0.001"/>
  <testcase classname="ru.spbau.mit.francleene.HashMap.HashMapTest" name="removeNullKeyDoNotExist" time="0.003"/>
  <testcase classname="ru.spbau.mit.francleene.HashMap.HashMapTest" name="containsAfterRemoveContain" time="0"/>
  <testcase classname="ru.spbau.mit.francleene.HashMap.HashMapTest" name="constructorSpecificCapacityClear" time="0"/>
  <testcase classname="ru.spbau.mit.francleene.HashMap.HashMapTest" name="getDoublePutDifferentValue" time="0"/>
  <testcase classname="ru.spbau.mit.francleene.HashMap.HashMapTest" name="removeAnotherElement" time="0"/>
  <testcase classname="ru.spbau.mit.francleene.HashMap.HashMapTest" name="putReturnValueEmptyList" time="0"/>
  <testcase classname="ru.spbau.mit.francleene.HashMap.HashMapTest" name="containsAfterClear" time="0.001"/>
  <testcase classname="ru.spbau.mit.francleene.HashMap.HashMapTest" name="putFewSameElements" time="0"/>
  <testcase classname="ru.spbau.mit.francleene.HashMap.HashMapTest" name="sizeAddSameElements" time="0"/>
  <testcase classname="ru.spbau.mit.francleene.HashMap.HashMapTest" name="removeReturnValueOneElement" time="0"/>
  <testcase classname="ru.spbau.mit.francleene.HashMap.HashMapTest" name="sizeEmptyHashMap" time="0"/>
  <testcase classname="ru.spbau.mit.francleene.HashMap.HashMapTest" name="sizeClear" time="0.001"/>
  <testcase classname="ru.spbau.mit.francleene.HashMap.HashMapTest" name="putElementNullKey" time="0"/>
  <testcase classname="ru.spbau.mit.francleene.HashMap.HashMapTest" name="sizeContainsNotExistedElement" time="0"/>
  <testcase classname="ru.spbau.mit.francleene.HashMap.HashMapTest" name="getFewElementsContain" time="0"/>
  <testcase classname="ru.spbau.mit.francleene.HashMap.HashMapTest" name="containsFewElementsDoNotContain" time="0"/>
  <testcase classname="ru.spbau.mit.francleene.HashMap.HashMapTest" name="putElementNullValue" time="0"/>
  <testcase classname="ru.spbau.mit.francleene.HashMap.HashMapTest" name="sizeContainsExistedElement" time="0.001"/>
  <testcase classname="ru.spbau.mit.francleene.HashMap.HashMapTest" name="removeEmptyList" time="0"/>
  <testcase classname="ru.spbau.mit.francleene.HashMap.HashMapTest" name="putReturnValueSameKeys" time="0"/>
  <testcase classname="ru.spbau.mit.francleene.HashMap.HashMapTest" name="containsAfterGetNotExistedElement" time="0.001"/>
  <testcase classname="ru.spbau.mit.francleene.HashMap.HashMapTest" name="getAfterRemoveDoNotContain" time="0"/>
  <testcase classname="ru.spbau.mit.francleene.HashMap.HashMapTest" name="constructorSpecificCapacityContainsFalse" time="0"/>
  <testcase classname="ru.spbau.mit.francleene.HashMap.HashMapTest" name="sizeAddNullElement" time="0"/>
  <testcase classname="ru.spbau.mit.francleene.HashMap.HashMapTest" name="sizeAddFewDifferentElements" time="0"/>
  <testcase classname="ru.spbau.mit.francleene.HashMap.HashMapTest" name="containsOneElementDoNotContain" time="0"/>
  <testcase classname="ru.spbau.mit.francleene.HashMap.HashMapTest" name="getAfterClear" time="0"/>
  <testcase classname="ru.spbau.mit.francleene.HashMap.HashMapTest" name="containsEmptyList" time="0"/>
  <testcase classname="ru.spbau.mit.francleene.HashMap.HashMapTest" name="clearEmptyList" time="0"/>
  <testcase classname="ru.spbau.mit.francleene.HashMap.HashMapTest" name="getOneElementDoNotContain" time="0.001"/>
  <testcase classname="ru.spbau.mit.francleene.HashMap.HashMapTest" name="constructorSpecificCapacityRemove" time="0"/>
  <testcase classname="ru.spbau.mit.francleene.HashMap.HashMapTest" name="putFewElementsNullKey" time="0"/>
  <testcase classname="ru.spbau.mit.francleene.HashMap.HashMapTest" name="removeReturnValueNullKeyExist" time="0"/>
  <testcase classname="ru.spbau.mit.francleene.HashMap.HashMapTest" name="getNullValueElement" time="0"/>
  <testcase classname="ru.spbau.mit.francleene.HashMap.HashMapTest" name="getOneElementContain" time="0"/>
  <testcase classname="ru.spbau.mit.francleene.HashMap.HashMapTest" name="removeReturnValueNullValue" time="0"/>
  <testcase classname="ru.spbau.mit.francleene.HashMap.HashMapTest" name="constructorSpecificCapacitySizeNonEmptyMap" time="0"/>
  <testcase classname="ru.spbau.mit.francleene.HashMap.HashMapTest" name="constructorSpecificCapacityGetNotExistedElement" time="0.001"/>
  <testcase classname="ru.spbau.mit.francleene.HashMap.HashMapTest" name="putReturnValueNullKey" time="0"/>
  <testcase classname="ru.spbau.mit.francleene.HashMap.HashMapTest" name="putReturnValueDoubleNullValue" time="0"/>
  <testcase classname="ru.spbau.mit.francleene.HashMap.HashMapTest" name="containsFewElementsContain" time="0"/>
  <testcase classname="ru.spbau.mit.francleene.HashMap.HashMapTest" name="containsDoublePut" time="0"/>
  <testcase classname="ru.spbau.mit.francleene.HashMap.HashMapTest" name="sizeAddOneElement" time="0"/>
  <testcase classname="ru.spbau.mit.francleene.HashMap.HashMapTest" name="getFewElementsDoNotContain" time="0"/>
</testsuite>